<?xml version="1.0" encoding="UTF-8"?>
<!-- Generated by org.testng.reporters.JUnitReportReporter -->
<testsuite hostname="LAPTOP-5PTHMLA2" name="tests.NewTest1" tests="1" failures="0" timestamp="2 Apr 2020 13:16:36 GMT" time="12.094" errors="0">
  <testcase name="registeruser" time="12.094" classname="tests.NewTest1"/>
</testsuite> <!-- tests.NewTest1 -->
